c:\dev\birchengine - collision detection\bin\intermediates\x64\debug\vc142.pdb
c:\dev\birchengine - collision detection\bin\intermediates\x64\debug\vc142.idb
c:\dev\birchengine - collision detection\bin\intermediates\x64\debug\vector2d.obj
c:\dev\birchengine - collision detection\bin\intermediates\x64\debug\texturemanager.obj
c:\dev\birchengine - collision detection\bin\intermediates\x64\debug\map.obj
c:\dev\birchengine - collision detection\bin\intermediates\x64\debug\main.obj
c:\dev\birchengine - collision detection\bin\intermediates\x64\debug\gameobject.obj
c:\dev\birchengine - collision detection\bin\intermediates\x64\debug\game.obj
c:\dev\birchengine - collision detection\bin\x64\debug\birchengine.exe
c:\dev\birchengine - collision detection\bin\x64\debug\birchengine.ilk
c:\dev\birchengine - collision detection\bin\x64\debug\birchengine.pdb
c:\dev\birchengine - collision detection\bin\intermediates\x64\debug\collision.obj
c:\dev\birchengine - collision detection\bin\intermediates\x64\debug\game.new.obj.enc
c:\dev\birchengine - collision detection\bin\intermediates\x64\debug\gameobject.nativecodeanalysis.xml
c:\dev\birchengine - collision detection\bin\intermediates\x64\debug\main.nativecodeanalysis.xml
c:\dev\birchengine - collision detection\bin\intermediates\x64\debug\map.nativecodeanalysis.xml
c:\dev\birchengine - collision detection\bin\intermediates\x64\debug\texturemanager.nativecodeanalysis.xml
c:\dev\birchengine - collision detection\bin\intermediates\x64\debug\birchengine.tlog\cl.command.1.tlog
c:\dev\birchengine - collision detection\bin\intermediates\x64\debug\birchengine.tlog\cl.read.1.tlog
c:\dev\birchengine - collision detection\bin\intermediates\x64\debug\birchengine.tlog\cl.write.1.tlog
c:\dev\birchengine - collision detection\bin\intermediates\x64\debug\birchengine.tlog\link.command.1.tlog
c:\dev\birchengine - collision detection\bin\intermediates\x64\debug\birchengine.tlog\link.read.1.tlog
c:\dev\birchengine - collision detection\bin\intermediates\x64\debug\birchengine.tlog\link.write.1.tlog
