  Game.cpp
C:\Dev\BirchEngine - Textures\BirchEngine\Src\Game.h(4,1): warning C4067: unexpected tokens following preprocessor directive - expected a newline
Game.obj : error LNK2019: unresolved external symbol _SDL_FreeSurface referenced in function "public: void __thiscall Game::init(char const *,int,int,bool)" (?init@Game@@QAEXPBDHH_N@Z)
Game.obj : error LNK2019: unresolved external symbol _SDL_CreateWindow referenced in function "public: void __thiscall Game::init(char const *,int,int,bool)" (?init@Game@@QAEXPBDHH_N@Z)
Game.obj : error LNK2019: unresolved external symbol _SDL_DestroyWindow referenced in function "public: void __thiscall Game::clean(void)" (?clean@Game@@QAEXXZ)
Game.obj : error LNK2019: unresolved external symbol _SDL_PollEvent referenced in function "public: void __thiscall Game::handleEvents(void)" (?handleEvents@Game@@QAEXXZ)
Game.obj : error LNK2019: unresolved external symbol _SDL_CreateRenderer referenced in function "public: void __thiscall Game::init(char const *,int,int,bool)" (?init@Game@@QAEXPBDHH_N@Z)
Game.obj : error LNK2019: unresolved external symbol _SDL_CreateTextureFromSurface referenced in function "public: void __thiscall Game::init(char const *,int,int,bool)" (?init@Game@@QAEXPBDHH_N@Z)
Game.obj : error LNK2019: unresolved external symbol _SDL_SetRenderDrawColor referenced in function "public: void __thiscall Game::init(char const *,int,int,bool)" (?init@Game@@QAEXPBDHH_N@Z)
Game.obj : error LNK2019: unresolved external symbol _SDL_RenderClear referenced in function "public: void __thiscall Game::render(void)" (?render@Game@@QAEXXZ)
Game.obj : error LNK2019: unresolved external symbol _SDL_RenderCopy referenced in function "public: void __thiscall Game::render(void)" (?render@Game@@QAEXXZ)
Game.obj : error LNK2019: unresolved external symbol _SDL_RenderPresent referenced in function "public: void __thiscall Game::render(void)" (?render@Game@@QAEXXZ)
Game.obj : error LNK2019: unresolved external symbol _SDL_DestroyRenderer referenced in function "public: void __thiscall Game::clean(void)" (?clean@Game@@QAEXXZ)
Game.obj : error LNK2019: unresolved external symbol _SDL_Init referenced in function "public: void __thiscall Game::init(char const *,int,int,bool)" (?init@Game@@QAEXPBDHH_N@Z)
Game.obj : error LNK2019: unresolved external symbol _SDL_Quit referenced in function "public: void __thiscall Game::clean(void)" (?clean@Game@@QAEXXZ)
Game.obj : error LNK2019: unresolved external symbol _IMG_Load referenced in function "public: void __thiscall Game::init(char const *,int,int,bool)" (?init@Game@@QAEXPBDHH_N@Z)
MSVCRTD.lib(exe_main.obj) : error LNK2019: unresolved external symbol _main referenced in function "int __cdecl invoke_main(void)" (?invoke_main@@YAHXZ)
C:\Dev\SDL2\lib\x64\SDL2.lib : warning LNK4272: library machine type 'x64' conflicts with target machine type 'x86'
C:\Dev\SDL2\lib\x64\SDL2main.lib : warning LNK4272: library machine type 'x64' conflicts with target machine type 'x86'
C:\Dev\SDL2_image-2.0.1\lib\x64\SDL2_image.lib : warning LNK4272: library machine type 'x64' conflicts with target machine type 'x86'
C:\Dev\BirchEngine - Textures\bin\Win32\Debug\BirchEngine.exe : fatal error LNK1120: 15 unresolved externals
